

*******************************************************************************
Sat Dec 30 14:17:52 2023


FIT:    data read from "alphat_3_128_2_100.pdata" us 1:2
        format = x:z
        x range restricted to [6000.00 : *]
        #datapoints = 143
        residuals are weighted equally (unit weight)

function used for fitting: f(x)
	f(x)=a
fitted parameters initialized with current variable values

BREAK: no parameter specified

*******************************************************************************
Sat Dec 30 14:17:55 2023


FIT:    data read from "alphat_3_128_2_100.pdata" us 1:2
        format = x:z
        x range restricted to [6000.00 : *]
        #datapoints = 143
        residuals are weighted equally (unit weight)

function used for fitting: f(x)
	f(x)=a
fitted parameters initialized with current variable values

iter      chisq       delta/lim  lambda   a            
   0 5.6556824704e+01   0.00e+00  1.00e+00    1.000000e+00
   3 8.9967792360e-05  -1.48e-02  1.00e-03    3.711108e-01

After 3 iterations the fit converged.
final sum of squares of residuals : 8.99678e-05
rel. change during last iteration : -1.48231e-07

degrees of freedom    (FIT_NDF)                        : 142
rms of residuals      (FIT_STDFIT) = sqrt(WSSR/ndf)    : 0.000795975
variance of residuals (reduced chisquare) = WSSR/ndf   : 6.33576e-07

Final set of parameters            Asymptotic Standard Error
=======================            ==========================
a               = 0.371111         +/- 6.656e-05    (0.01794%)


*******************************************************************************
Sat Dec 30 14:27:30 2023


FIT:    data read from "alphat_3_128_2_100.pdata"
        format = z
        x range restricted to [10000.0 : 14000.0]
        #datapoints = 70
        residuals are weighted equally (unit weight)

function used for fitting: f(x)
	f(x)=a
fitted parameters initialized with current variable values

iter      chisq       delta/lim  lambda   a            
   0 2.7659715142e+01   0.00e+00  1.00e+00    1.000000e+00
   3 5.9080997910e-05  -1.89e-01  1.00e-03    3.714000e-01

After 3 iterations the fit converged.
final sum of squares of residuals : 5.9081e-05
rel. change during last iteration : -1.89479e-06

degrees of freedom    (FIT_NDF)                        : 69
rms of residuals      (FIT_STDFIT) = sqrt(WSSR/ndf)    : 0.000925336
variance of residuals (reduced chisquare) = WSSR/ndf   : 8.56246e-07

Final set of parameters            Asymptotic Standard Error
=======================            ==========================
a               = 0.3714           +/- 0.0001106    (0.02978%)
